<?xml version="1.0" encoding="UTF-8"?>
<!-- Generated by org.testng.reporters.JUnitReportReporter -->
<testsuite hostname="DESKTOP-2MDJGKN" name="Tests.SearchItemTest" tests="1" failures="0" timestamp="19 Dec 2020 13:22:56 GMT" time="23.404" errors="0">
  <testcase name="execute" time="23.404" classname="Tests.SearchItemTest"/>
</testsuite> <!-- Tests.SearchItemTest -->
